ARM GAS  C:\Users\Alec\AppData\Local\Temp\ccuRthPb.s 			page 1


   1              		.cpu cortex-m0
   2              		.fpu softvfp
   3              		.eabi_attribute 20, 1
   4              		.eabi_attribute 21, 1
   5              		.eabi_attribute 23, 3
   6              		.eabi_attribute 24, 1
   7              		.eabi_attribute 25, 1
   8              		.eabi_attribute 26, 1
   9              		.eabi_attribute 30, 1
  10              		.eabi_attribute 34, 0
  11              		.eabi_attribute 18, 4
  12              		.code	16
  13              		.file	"main.c"
  14              		.text
  15              	.Ltext0:
  16              		.cfi_sections	.debug_frame
  17              		.section	.text.TIMER_ISR,"ax",%progbits
  18              		.align	2
  19              		.global	TIMER_ISR
  20              		.code	16
  21              		.thumb_func
  22              		.type	TIMER_ISR, %function
  23              	TIMER_ISR:
  24              	.LFB37:
  25              		.file 1 ".\\main.c"
   1:.\main.c      **** #include <project.h>
   2:.\main.c      **** 
   3:.\main.c      **** #define  CHALLENGE_TIME 10
   4:.\main.c      **** 
   5:.\main.c      **** enum states{
   6:.\main.c      ****     ACTIVE,
   7:.\main.c      ****     OFF
   8:.\main.c      **** };
   9:.\main.c      **** 
  10:.\main.c      **** int count = CHALLENGE_TIME;
  11:.\main.c      **** int battery_state = 3;
  12:.\main.c      **** int system_state = ACTIVE;
  13:.\main.c      **** int dumb_placeholder;
  14:.\main.c      **** 
  15:.\main.c      **** CY_ISR(TIMER_ISR){
  26              		.loc 1 15 0
  27              		.cfi_startproc
  28 0000 08B5     		push	{r3, lr}
  29              		.cfi_def_cfa_offset 8
  30              		.cfi_offset 3, -8
  31              		.cfi_offset 14, -4
  16:.\main.c      ****     count--;
  32              		.loc 1 16 0
  33 0002 1A4A     		ldr	r2, .L8
  34 0004 1368     		ldr	r3, [r2]
  35 0006 013B     		sub	r3, r3, #1
  36 0008 1360     		str	r3, [r2]
  17:.\main.c      ****     if(count == 0){
  37              		.loc 1 17 0
  38 000a 002B     		cmp	r3, #0
  39 000c 2CD1     		bne	.L1
  18:.\main.c      ****      count = CHALLENGE_TIME;
ARM GAS  C:\Users\Alec\AppData\Local\Temp\ccuRthPb.s 			page 2


  40              		.loc 1 18 0
  41 000e 0A33     		add	r3, r3, #10
  42 0010 1360     		str	r3, [r2]
  19:.\main.c      ****      battery_state--;
  43              		.loc 1 19 0
  44 0012 5368     		ldr	r3, [r2, #4]
  45 0014 013B     		sub	r3, r3, #1
  46 0016 5360     		str	r3, [r2, #4]
  20:.\main.c      ****      switch(battery_state){
  47              		.loc 1 20 0
  48 0018 002B     		cmp	r3, #0
  49 001a 0FD0     		beq	.L3
  50 001c 02DC     		bgt	.L4
  51 001e 0133     		add	r3, r3, #1
  52 0020 13D0     		beq	.L5
  53 0022 21E0     		b	.L1
  54              	.L4:
  55 0024 012B     		cmp	r3, #1
  56 0026 05D0     		beq	.L6
  57 0028 022B     		cmp	r3, #2
  58 002a 1DD1     		bne	.L1
  21:.\main.c      ****         case 2:
  22:.\main.c      ****         LED_1_Write(0);
  59              		.loc 1 22 0
  60 002c 0020     		mov	r0, #0
  61 002e FFF7FEFF 		bl	LED_1_Write
  62              	.LVL0:
  23:.\main.c      ****         break;
  63              		.loc 1 23 0
  64 0032 19E0     		b	.L1
  65              	.L6:
  24:.\main.c      ****         case 1:
  25:.\main.c      ****         LED_2_Write(0);
  66              		.loc 1 25 0
  67 0034 0020     		mov	r0, #0
  68 0036 FFF7FEFF 		bl	LED_2_Write
  69              	.LVL1:
  26:.\main.c      ****         break;
  70              		.loc 1 26 0
  71 003a 15E0     		b	.L1
  72              	.L3:
  27:.\main.c      ****         case 0:
  28:.\main.c      ****         LED_3_Write(0);
  73              		.loc 1 28 0
  74 003c 0020     		mov	r0, #0
  75 003e FFF7FEFF 		bl	LED_3_Write
  76              	.LVL2:
  29:.\main.c      ****         system_state = OFF;
  77              		.loc 1 29 0
  78 0042 0122     		mov	r2, #1
  79 0044 0A4B     		ldr	r3, .L8+4
  80 0046 1A60     		str	r2, [r3]
  30:.\main.c      ****         break;
  81              		.loc 1 30 0
  82 0048 0EE0     		b	.L1
  83              	.L5:
  31:.\main.c      ****         case -1:
ARM GAS  C:\Users\Alec\AppData\Local\Temp\ccuRthPb.s 			page 3


  32:.\main.c      ****         LED_1_Write(1);
  84              		.loc 1 32 0
  85 004a 0120     		mov	r0, #1
  86 004c FFF7FEFF 		bl	LED_1_Write
  87              	.LVL3:
  33:.\main.c      ****         LED_2_Write(1);
  88              		.loc 1 33 0
  89 0050 0120     		mov	r0, #1
  90 0052 FFF7FEFF 		bl	LED_2_Write
  91              	.LVL4:
  34:.\main.c      ****         LED_3_Write(1);
  92              		.loc 1 34 0
  93 0056 0120     		mov	r0, #1
  94 0058 FFF7FEFF 		bl	LED_3_Write
  95              	.LVL5:
  35:.\main.c      ****         battery_state = 3;
  96              		.loc 1 35 0
  97 005c 0322     		mov	r2, #3
  98 005e 034B     		ldr	r3, .L8
  99 0060 5A60     		str	r2, [r3, #4]
  36:.\main.c      ****         system_state = ACTIVE;
 100              		.loc 1 36 0
 101 0062 0022     		mov	r2, #0
 102 0064 024B     		ldr	r3, .L8+4
 103 0066 1A60     		str	r2, [r3]
 104              	.L1:
  37:.\main.c      ****        }
  38:.\main.c      ****     }
  39:.\main.c      **** }
 105              		.loc 1 39 0
 106              		@ sp needed
 107 0068 08BD     		pop	{r3, pc}
 108              	.L9:
 109 006a C046     		.align	2
 110              	.L8:
 111 006c 00000000 		.word	.LANCHOR0
 112 0070 00000000 		.word	.LANCHOR1
 113              		.cfi_endproc
 114              	.LFE37:
 115              		.size	TIMER_ISR, .-TIMER_ISR
 116              		.global	__aeabi_i2d
 117              		.section	.text.create_servo,"ax",%progbits
 118              		.align	2
 119              		.global	create_servo
 120              		.code	16
 121              		.thumb_func
 122              		.type	create_servo, %function
 123              	create_servo:
 124              	.LFB38:
  40:.\main.c      **** 
  41:.\main.c      **** typedef struct Servo { // Servo object
  42:.\main.c      ****     void (*pwmPtr)(uint16_t);
  43:.\main.c      ****     uint16_t max;
  44:.\main.c      ****     uint16_t min;
  45:.\main.c      ****     double range;
  46:.\main.c      **** };
  47:.\main.c      **** 
ARM GAS  C:\Users\Alec\AppData\Local\Temp\ccuRthPb.s 			page 4


  48:.\main.c      **** struct Servo create_servo(void (pwm_ptr)(uint16_t), uint16_t min, uint16_t max){ // Initializes the
 125              		.loc 1 48 0
 126              		.cfi_startproc
 127              	.LVL6:
 128 0000 38B5     		push	{r3, r4, r5, lr}
 129              		.cfi_def_cfa_offset 16
 130              		.cfi_offset 3, -16
 131              		.cfi_offset 4, -12
 132              		.cfi_offset 5, -8
 133              		.cfi_offset 14, -4
 134 0002 041C     		mov	r4, r0
 135 0004 0D1C     		mov	r5, r1
  49:.\main.c      ****     struct Servo createdServo;
  50:.\main.c      ****     createdServo.max = max;
 136              		.loc 1 50 0
 137 0006 8380     		strh	r3, [r0, #4]
  51:.\main.c      ****     createdServo.min = min;
 138              		.loc 1 51 0
 139 0008 C280     		strh	r2, [r0, #6]
  52:.\main.c      ****     createdServo.range = max - min;
 140              		.loc 1 52 0
 141 000a 981A     		sub	r0, r3, r2
 142              	.LVL7:
 143 000c FFF7FEFF 		bl	__aeabi_i2d
 144              	.LVL8:
 145 0010 A060     		str	r0, [r4, #8]
 146 0012 E160     		str	r1, [r4, #12]
  53:.\main.c      ****     createdServo.pwmPtr = pwm_ptr;
 147              		.loc 1 53 0
 148 0014 2560     		str	r5, [r4]
  54:.\main.c      ****     return createdServo;
  55:.\main.c      **** }
 149              		.loc 1 55 0
 150 0016 201C     		mov	r0, r4
 151              		@ sp needed
 152              	.LVL9:
 153              	.LVL10:
 154 0018 38BD     		pop	{r3, r4, r5, pc}
 155              		.cfi_endproc
 156              	.LFE38:
 157              		.size	create_servo, .-create_servo
 158              		.global	__aeabi_dmul
 159              		.global	__aeabi_ddiv
 160              		.global	__aeabi_dadd
 161              		.global	__aeabi_d2uiz
 162 001a C046     		.section	.text.set_servo,"ax",%progbits
 163              		.align	2
 164              		.global	set_servo
 165              		.code	16
 166              		.thumb_func
 167              		.type	set_servo, %function
 168              	set_servo:
 169              	.LFB39:
  56:.\main.c      **** 
  57:.\main.c      **** void set_servo(struct Servo servo, uint8_t angle){ // Set servo to the angle specified
 170              		.loc 1 57 0
 171              		.cfi_startproc
ARM GAS  C:\Users\Alec\AppData\Local\Temp\ccuRthPb.s 			page 5


 172              	.LVL11:
 173 0000 F0B5     		push	{r4, r5, r6, r7, lr}
 174              		.cfi_def_cfa_offset 20
 175              		.cfi_offset 4, -20
 176              		.cfi_offset 5, -16
 177              		.cfi_offset 6, -12
 178              		.cfi_offset 7, -8
 179              		.cfi_offset 14, -4
 180 0002 85B0     		sub	sp, sp, #20
 181              		.cfi_def_cfa_offset 40
 182 0004 041C     		mov	r4, r0
 183 0006 0D0C     		lsr	r5, r1, #16
 184 0008 0292     		str	r2, [sp, #8]
 185 000a 0393     		str	r3, [sp, #12]
 186 000c 0AAB     		add	r3, sp, #40
 187              	.LVL12:
 188 000e 1878     		ldrb	r0, [r3]
  58:.\main.c      ****     double setpoint = angle * servo.range / 180 + servo.min;
 189              		.loc 1 58 0
 190 0010 029E     		ldr	r6, [sp, #8]
 191 0012 039F     		ldr	r7, [sp, #12]
 192 0014 FFF7FEFF 		bl	__aeabi_i2d
 193              	.LVL13:
 194 0018 321C     		mov	r2, r6
 195 001a 3B1C     		mov	r3, r7
 196 001c FFF7FEFF 		bl	__aeabi_dmul
 197              	.LVL14:
 198 0020 0022     		mov	r2, #0
 199 0022 0A4B     		ldr	r3, .L12
 200 0024 FFF7FEFF 		bl	__aeabi_ddiv
 201              	.LVL15:
 202 0028 061C     		mov	r6, r0
 203 002a 0F1C     		mov	r7, r1
 204 002c A8B2     		uxth	r0, r5
 205 002e FFF7FEFF 		bl	__aeabi_i2d
 206              	.LVL16:
 207 0032 021C     		mov	r2, r0
 208 0034 0B1C     		mov	r3, r1
 209 0036 301C     		mov	r0, r6
 210 0038 391C     		mov	r1, r7
 211 003a FFF7FEFF 		bl	__aeabi_dadd
 212              	.LVL17:
  59:.\main.c      ****     servo.pwmPtr(setpoint);
 213              		.loc 1 59 0
 214 003e FFF7FEFF 		bl	__aeabi_d2uiz
 215              	.LVL18:
 216 0042 80B2     		uxth	r0, r0
 217 0044 A047     		blx	r4
 218              	.LVL19:
  60:.\main.c      **** }
 219              		.loc 1 60 0
 220 0046 05B0     		add	sp, sp, #20
 221              		@ sp needed
 222 0048 F0BD     		pop	{r4, r5, r6, r7, pc}
 223              	.L13:
 224 004a C046     		.align	2
 225              	.L12:
ARM GAS  C:\Users\Alec\AppData\Local\Temp\ccuRthPb.s 			page 6


 226 004c 00806640 		.word	1080459264
 227              		.cfi_endproc
 228              	.LFE39:
 229              		.size	set_servo, .-set_servo
 230              		.section	.text.main,"ax",%progbits
 231              		.align	2
 232              		.global	main
 233              		.code	16
 234              		.thumb_func
 235              		.type	main, %function
 236              	main:
 237              	.LFB40:
  61:.\main.c      **** 
  62:.\main.c      **** int main()
  63:.\main.c      **** {
 238              		.loc 1 63 0
 239              		.cfi_startproc
 240 0000 10B5     		push	{r4, lr}
 241              		.cfi_def_cfa_offset 8
 242              		.cfi_offset 4, -8
 243              		.cfi_offset 14, -4
 244 0002 8AB0     		sub	sp, sp, #40
 245              		.cfi_def_cfa_offset 48
  64:.\main.c      ****     Countdown_Start();
 246              		.loc 1 64 0
 247 0004 FFF7FEFF 		bl	Countdown_Start
 248              	.LVL20:
  65:.\main.c      ****     timer_interrupt_StartEx(TIMER_ISR);
 249              		.loc 1 65 0
 250 0008 2848     		ldr	r0, .L20
 251 000a FFF7FEFF 		bl	timer_interrupt_StartEx
 252              	.LVL21:
  66:.\main.c      ****     CyGlobalIntEnable; /* Enable global interrupts. */
 253              		.loc 1 66 0
 254              	@ 66 ".\main.c" 1
 255 000e 62B6     		CPSIE   i
 256              	@ 0 "" 2
  67:.\main.c      ****     PWM_1_Enable();
 257              		.loc 1 67 0
 258              		.code	16
 259 0010 FFF7FEFF 		bl	PWM_1_Enable
 260              	.LVL22:
  68:.\main.c      ****     struct Servo servoBottom =  create_servo(PWM_1_WriteCompare1,1400,6750);
 261              		.loc 1 68 0
 262 0014 06A8     		add	r0, sp, #24
 263 0016 2649     		ldr	r1, .L20+4
 264 0018 AF22     		mov	r2, #175
 265 001a D200     		lsl	r2, r2, #3
 266 001c 254B     		ldr	r3, .L20+8
 267 001e FFF7FEFF 		bl	create_servo
 268              	.LVL23:
  69:.\main.c      ****     struct Servo servoTop =  create_servo(PWM_1_WriteCompare2,6900,1650);
 269              		.loc 1 69 0
 270 0022 02A8     		add	r0, sp, #8
 271 0024 2449     		ldr	r1, .L20+12
 272 0026 254A     		ldr	r2, .L20+16
 273 0028 254B     		ldr	r3, .L20+20
ARM GAS  C:\Users\Alec\AppData\Local\Temp\ccuRthPb.s 			page 7


 274 002a FFF7FEFF 		bl	create_servo
 275              	.LVL24:
  70:.\main.c      ****     LED_1_Write(1);
 276              		.loc 1 70 0
 277 002e 0120     		mov	r0, #1
 278 0030 FFF7FEFF 		bl	LED_1_Write
 279              	.LVL25:
  71:.\main.c      ****     LED_2_Write(1);
 280              		.loc 1 71 0
 281 0034 0120     		mov	r0, #1
 282 0036 FFF7FEFF 		bl	LED_2_Write
 283              	.LVL26:
  72:.\main.c      ****     LED_3_Write(1);
 284              		.loc 1 72 0
 285 003a 0120     		mov	r0, #1
 286 003c FFF7FEFF 		bl	LED_3_Write
 287              	.LVL27:
 288              	.L16:
  73:.\main.c      ****     for(;;)
  74:.\main.c      ****     {
  75:.\main.c      ****         switch(system_state){
 289              		.loc 1 75 0
 290 0040 204B     		ldr	r3, .L20+24
 291 0042 1B68     		ldr	r3, [r3]
 292 0044 002B     		cmp	r3, #0
 293 0046 02D0     		beq	.L17
 294 0048 012B     		cmp	r3, #1
 295 004a 1ED0     		beq	.L18
 296 004c F8E7     		b	.L16
 297              	.L17:
  76:.\main.c      ****             case ACTIVE:
  77:.\main.c      ****                 Servo_En_2_Write(0);
 298              		.loc 1 77 0
 299 004e 0020     		mov	r0, #0
 300 0050 FFF7FEFF 		bl	Servo_En_2_Write
 301              	.LVL28:
  78:.\main.c      ****                 Servo_En_1_Write(1);
 302              		.loc 1 78 0
 303 0054 0120     		mov	r0, #1
 304 0056 FFF7FEFF 		bl	Servo_En_1_Write
 305              	.LVL29:
  79:.\main.c      ****                 CyDelay(10);
 306              		.loc 1 79 0
 307 005a 0A20     		mov	r0, #10
 308 005c FFF7FEFF 		bl	CyDelay
 309              	.LVL30:
  80:.\main.c      ****                 dumb_placeholder++;
 310              		.loc 1 80 0
 311 0060 194C     		ldr	r4, .L20+28
 312 0062 2368     		ldr	r3, [r4]
 313 0064 0133     		add	r3, r3, #1
 314 0066 2360     		str	r3, [r4]
  81:.\main.c      ****                 set_servo(servoBottom,dumb_placeholder);
 315              		.loc 1 81 0
 316 0068 DBB2     		uxtb	r3, r3
 317 006a 0093     		str	r3, [sp]
 318 006c 0698     		ldr	r0, [sp, #24]
ARM GAS  C:\Users\Alec\AppData\Local\Temp\ccuRthPb.s 			page 8


 319 006e 0799     		ldr	r1, [sp, #28]
 320 0070 089A     		ldr	r2, [sp, #32]
 321 0072 099B     		ldr	r3, [sp, #36]
 322 0074 FFF7FEFF 		bl	set_servo
 323              	.LVL31:
  82:.\main.c      ****                 set_servo(servoTop,dumb_placeholder);
 324              		.loc 1 82 0
 325 0078 2378     		ldrb	r3, [r4]
 326 007a 0093     		str	r3, [sp]
 327 007c 0298     		ldr	r0, [sp, #8]
 328 007e 0399     		ldr	r1, [sp, #12]
 329 0080 049A     		ldr	r2, [sp, #16]
 330 0082 059B     		ldr	r3, [sp, #20]
 331 0084 FFF7FEFF 		bl	set_servo
 332              	.LVL32:
  83:.\main.c      ****                 break;
 333              		.loc 1 83 0
 334 0088 DAE7     		b	.L16
 335              	.L18:
  84:.\main.c      ****             case OFF:
  85:.\main.c      ****                 set_servo(servoBottom,0);
 336              		.loc 1 85 0
 337 008a 0024     		mov	r4, #0
 338 008c 0094     		str	r4, [sp]
 339 008e 0698     		ldr	r0, [sp, #24]
 340 0090 0799     		ldr	r1, [sp, #28]
 341 0092 089A     		ldr	r2, [sp, #32]
 342 0094 099B     		ldr	r3, [sp, #36]
 343 0096 FFF7FEFF 		bl	set_servo
 344              	.LVL33:
  86:.\main.c      ****                 set_servo(servoTop,0);
 345              		.loc 1 86 0
 346 009a 0094     		str	r4, [sp]
 347 009c 0298     		ldr	r0, [sp, #8]
 348 009e 0399     		ldr	r1, [sp, #12]
 349 00a0 049A     		ldr	r2, [sp, #16]
 350 00a2 059B     		ldr	r3, [sp, #20]
 351 00a4 FFF7FEFF 		bl	set_servo
 352              	.LVL34:
 353 00a8 CAE7     		b	.L16
 354              	.L21:
 355 00aa C046     		.align	2
 356              	.L20:
 357 00ac 00000000 		.word	TIMER_ISR
 358 00b0 00000000 		.word	PWM_1_WriteCompare1
 359 00b4 5E1A0000 		.word	6750
 360 00b8 00000000 		.word	PWM_1_WriteCompare2
 361 00bc F41A0000 		.word	6900
 362 00c0 72060000 		.word	1650
 363 00c4 00000000 		.word	.LANCHOR1
 364 00c8 00000000 		.word	dumb_placeholder
 365              		.cfi_endproc
 366              	.LFE40:
 367              		.size	main, .-main
 368              		.comm	dumb_placeholder,4,4
 369              		.global	system_state
 370              		.global	battery_state
ARM GAS  C:\Users\Alec\AppData\Local\Temp\ccuRthPb.s 			page 9


 371              		.global	count
 372              		.data
 373              		.align	2
 374              		.set	.LANCHOR0,. + 0
 375              		.type	count, %object
 376              		.size	count, 4
 377              	count:
 378 0000 0A000000 		.word	10
 379              		.type	battery_state, %object
 380              		.size	battery_state, 4
 381              	battery_state:
 382 0004 03000000 		.word	3
 383              		.bss
 384              		.align	2
 385              		.set	.LANCHOR1,. + 0
 386              		.type	system_state, %object
 387              		.size	system_state, 4
 388              	system_state:
 389 0000 00000000 		.space	4
 390              		.text
 391              	.Letext0:
 392              		.file 2 "c:\\program files (x86)\\cypress\\psoc creator\\3.3\\psoc creator\\import\\gnu\\arm\\4.9.
 393              		.file 3 "c:\\program files (x86)\\cypress\\psoc creator\\3.3\\psoc creator\\import\\gnu\\arm\\4.9.
 394              		.file 4 "Generated_Source\\PSoC4/cytypes.h"
 395              		.file 5 "Generated_Source\\PSoC4/LED_1.h"
 396              		.file 6 "Generated_Source\\PSoC4/LED_2.h"
 397              		.file 7 "Generated_Source\\PSoC4/LED_3.h"
 398              		.file 8 "Generated_Source\\PSoC4/timer_interrupt.h"
 399              		.file 9 "Generated_Source\\PSoC4/Countdown.h"
 400              		.file 10 "Generated_Source\\PSoC4/PWM_1.h"
 401              		.file 11 "Generated_Source\\PSoC4/Servo_En_2.h"
 402              		.file 12 "Generated_Source\\PSoC4/Servo_En_1.h"
 403              		.file 13 "Generated_Source\\PSoC4/CyLib.h"
 404              		.section	.debug_info,"",%progbits
 405              	.Ldebug_info0:
 406 0000 78040000 		.4byte	0x478
 407 0004 0400     		.2byte	0x4
 408 0006 00000000 		.4byte	.Ldebug_abbrev0
 409 000a 04       		.byte	0x4
 410 000b 01       		.uleb128 0x1
 411 000c E5010000 		.4byte	.LASF45
 412 0010 01       		.byte	0x1
 413 0011 E7000000 		.4byte	.LASF46
 414 0015 82010000 		.4byte	.LASF47
 415 0019 00000000 		.4byte	.Ldebug_ranges0+0
 416 001d 00000000 		.4byte	0
 417 0021 00000000 		.4byte	.Ldebug_line0
 418 0025 02       		.uleb128 0x2
 419 0026 01       		.byte	0x1
 420 0027 06       		.byte	0x6
 421 0028 A5020000 		.4byte	.LASF0
 422 002c 03       		.uleb128 0x3
 423 002d 19000000 		.4byte	.LASF3
 424 0031 02       		.byte	0x2
 425 0032 1D       		.byte	0x1d
 426 0033 37000000 		.4byte	0x37
 427 0037 02       		.uleb128 0x2
ARM GAS  C:\Users\Alec\AppData\Local\Temp\ccuRthPb.s 			page 10


 428 0038 01       		.byte	0x1
 429 0039 08       		.byte	0x8
 430 003a 7E000000 		.4byte	.LASF1
 431 003e 02       		.uleb128 0x2
 432 003f 02       		.byte	0x2
 433 0040 05       		.byte	0x5
 434 0041 73020000 		.4byte	.LASF2
 435 0045 03       		.uleb128 0x3
 436 0046 C8000000 		.4byte	.LASF4
 437 004a 02       		.byte	0x2
 438 004b 2B       		.byte	0x2b
 439 004c 50000000 		.4byte	0x50
 440 0050 02       		.uleb128 0x2
 441 0051 02       		.byte	0x2
 442 0052 07       		.byte	0x7
 443 0053 58000000 		.4byte	.LASF5
 444 0057 02       		.uleb128 0x2
 445 0058 04       		.byte	0x4
 446 0059 05       		.byte	0x5
 447 005a 86020000 		.4byte	.LASF6
 448 005e 02       		.uleb128 0x2
 449 005f 04       		.byte	0x4
 450 0060 07       		.byte	0x7
 451 0061 FE000000 		.4byte	.LASF7
 452 0065 02       		.uleb128 0x2
 453 0066 08       		.byte	0x8
 454 0067 05       		.byte	0x5
 455 0068 BD010000 		.4byte	.LASF8
 456 006c 02       		.uleb128 0x2
 457 006d 08       		.byte	0x8
 458 006e 07       		.byte	0x7
 459 006f 26010000 		.4byte	.LASF9
 460 0073 04       		.uleb128 0x4
 461 0074 04       		.byte	0x4
 462 0075 05       		.byte	0x5
 463 0076 696E7400 		.ascii	"int\000"
 464 007a 02       		.uleb128 0x2
 465 007b 04       		.byte	0x4
 466 007c 07       		.byte	0x7
 467 007d 10010000 		.4byte	.LASF10
 468 0081 03       		.uleb128 0x3
 469 0082 3D010000 		.4byte	.LASF11
 470 0086 03       		.byte	0x3
 471 0087 15       		.byte	0x15
 472 0088 2C000000 		.4byte	0x2c
 473 008c 03       		.uleb128 0x3
 474 008d 7D020000 		.4byte	.LASF12
 475 0091 03       		.byte	0x3
 476 0092 21       		.byte	0x21
 477 0093 45000000 		.4byte	0x45
 478 0097 05       		.uleb128 0x5
 479 0098 A5000000 		.4byte	.LASF13
 480 009c 04       		.byte	0x4
 481 009d 9801     		.2byte	0x198
 482 009f 37000000 		.4byte	0x37
 483 00a3 05       		.uleb128 0x5
 484 00a4 F0000000 		.4byte	.LASF14
ARM GAS  C:\Users\Alec\AppData\Local\Temp\ccuRthPb.s 			page 11


 485 00a8 04       		.byte	0x4
 486 00a9 9A01     		.2byte	0x19a
 487 00ab 5E000000 		.4byte	0x5e
 488 00af 02       		.uleb128 0x2
 489 00b0 04       		.byte	0x4
 490 00b1 04       		.byte	0x4
 491 00b2 78000000 		.4byte	.LASF15
 492 00b6 02       		.uleb128 0x2
 493 00b7 08       		.byte	0x8
 494 00b8 04       		.byte	0x4
 495 00b9 D3000000 		.4byte	.LASF16
 496 00bd 02       		.uleb128 0x2
 497 00be 01       		.byte	0x1
 498 00bf 08       		.byte	0x8
 499 00c0 D9010000 		.4byte	.LASF17
 500 00c4 05       		.uleb128 0x5
 501 00c5 52010000 		.4byte	.LASF18
 502 00c9 04       		.byte	0x4
 503 00ca 5402     		.2byte	0x254
 504 00cc D0000000 		.4byte	0xd0
 505 00d0 06       		.uleb128 0x6
 506 00d1 04       		.byte	0x4
 507 00d2 D6000000 		.4byte	0xd6
 508 00d6 07       		.uleb128 0x7
 509 00d7 02       		.uleb128 0x2
 510 00d8 04       		.byte	0x4
 511 00d9 07       		.byte	0x7
 512 00da 79010000 		.4byte	.LASF19
 513 00de 08       		.uleb128 0x8
 514 00df DE010000 		.4byte	.LASF48
 515 00e3 01       		.byte	0x1
 516 00e4 01       		.byte	0x1
 517 00e5 05       		.byte	0x5
 518 00e6 F7000000 		.4byte	0xf7
 519 00ea 09       		.uleb128 0x9
 520 00eb 6B000000 		.4byte	.LASF20
 521 00ef 00       		.sleb128 0
 522 00f0 0A       		.uleb128 0xa
 523 00f1 4F464600 		.ascii	"OFF\000"
 524 00f5 01       		.sleb128 1
 525 00f6 00       		.byte	0
 526 00f7 0B       		.uleb128 0xb
 527 00f8 72000000 		.4byte	.LASF49
 528 00fc 10       		.byte	0x10
 529 00fd 01       		.byte	0x1
 530 00fe 29       		.byte	0x29
 531 00ff 34010000 		.4byte	0x134
 532 0103 0C       		.uleb128 0xc
 533 0104 F7000000 		.4byte	.LASF21
 534 0108 01       		.byte	0x1
 535 0109 2A       		.byte	0x2a
 536 010a 3F010000 		.4byte	0x13f
 537 010e 00       		.byte	0
 538 010f 0D       		.uleb128 0xd
 539 0110 6D617800 		.ascii	"max\000"
 540 0114 01       		.byte	0x1
 541 0115 2B       		.byte	0x2b
ARM GAS  C:\Users\Alec\AppData\Local\Temp\ccuRthPb.s 			page 12


 542 0116 8C000000 		.4byte	0x8c
 543 011a 04       		.byte	0x4
 544 011b 0D       		.uleb128 0xd
 545 011c 6D696E00 		.ascii	"min\000"
 546 0120 01       		.byte	0x1
 547 0121 2C       		.byte	0x2c
 548 0122 8C000000 		.4byte	0x8c
 549 0126 06       		.byte	0x6
 550 0127 0C       		.uleb128 0xc
 551 0128 C2000000 		.4byte	.LASF22
 552 012c 01       		.byte	0x1
 553 012d 2D       		.byte	0x2d
 554 012e B6000000 		.4byte	0xb6
 555 0132 08       		.byte	0x8
 556 0133 00       		.byte	0
 557 0134 0E       		.uleb128 0xe
 558 0135 3F010000 		.4byte	0x13f
 559 0139 0F       		.uleb128 0xf
 560 013a 8C000000 		.4byte	0x8c
 561 013e 00       		.byte	0
 562 013f 06       		.uleb128 0x6
 563 0140 04       		.byte	0x4
 564 0141 34010000 		.4byte	0x134
 565 0145 10       		.uleb128 0x10
 566 0146 23000000 		.4byte	.LASF24
 567 014a 01       		.byte	0x1
 568 014b 0F       		.byte	0xf
 569 014c 00000000 		.4byte	.LFB37
 570 0150 74000000 		.4byte	.LFE37-.LFB37
 571 0154 01       		.uleb128 0x1
 572 0155 9C       		.byte	0x9c
 573 0156 C9010000 		.4byte	0x1c9
 574 015a 11       		.uleb128 0x11
 575 015b 32000000 		.4byte	.LVL0
 576 015f FA030000 		.4byte	0x3fa
 577 0163 6D010000 		.4byte	0x16d
 578 0167 12       		.uleb128 0x12
 579 0168 01       		.uleb128 0x1
 580 0169 50       		.byte	0x50
 581 016a 01       		.uleb128 0x1
 582 016b 30       		.byte	0x30
 583 016c 00       		.byte	0
 584 016d 11       		.uleb128 0x11
 585 016e 3A000000 		.4byte	.LVL1
 586 0172 0B040000 		.4byte	0x40b
 587 0176 80010000 		.4byte	0x180
 588 017a 12       		.uleb128 0x12
 589 017b 01       		.uleb128 0x1
 590 017c 50       		.byte	0x50
 591 017d 01       		.uleb128 0x1
 592 017e 30       		.byte	0x30
 593 017f 00       		.byte	0
 594 0180 11       		.uleb128 0x11
 595 0181 42000000 		.4byte	.LVL2
 596 0185 1C040000 		.4byte	0x41c
 597 0189 93010000 		.4byte	0x193
 598 018d 12       		.uleb128 0x12
ARM GAS  C:\Users\Alec\AppData\Local\Temp\ccuRthPb.s 			page 13


 599 018e 01       		.uleb128 0x1
 600 018f 50       		.byte	0x50
 601 0190 01       		.uleb128 0x1
 602 0191 30       		.byte	0x30
 603 0192 00       		.byte	0
 604 0193 11       		.uleb128 0x11
 605 0194 50000000 		.4byte	.LVL3
 606 0198 FA030000 		.4byte	0x3fa
 607 019c A6010000 		.4byte	0x1a6
 608 01a0 12       		.uleb128 0x12
 609 01a1 01       		.uleb128 0x1
 610 01a2 50       		.byte	0x50
 611 01a3 01       		.uleb128 0x1
 612 01a4 31       		.byte	0x31
 613 01a5 00       		.byte	0
 614 01a6 11       		.uleb128 0x11
 615 01a7 56000000 		.4byte	.LVL4
 616 01ab 0B040000 		.4byte	0x40b
 617 01af B9010000 		.4byte	0x1b9
 618 01b3 12       		.uleb128 0x12
 619 01b4 01       		.uleb128 0x1
 620 01b5 50       		.byte	0x50
 621 01b6 01       		.uleb128 0x1
 622 01b7 31       		.byte	0x31
 623 01b8 00       		.byte	0
 624 01b9 13       		.uleb128 0x13
 625 01ba 5C000000 		.4byte	.LVL5
 626 01be 1C040000 		.4byte	0x41c
 627 01c2 12       		.uleb128 0x12
 628 01c3 01       		.uleb128 0x1
 629 01c4 50       		.byte	0x50
 630 01c5 01       		.uleb128 0x1
 631 01c6 31       		.byte	0x31
 632 01c7 00       		.byte	0
 633 01c8 00       		.byte	0
 634 01c9 14       		.uleb128 0x14
 635 01ca 45010000 		.4byte	.LASF50
 636 01ce 01       		.byte	0x1
 637 01cf 30       		.byte	0x30
 638 01d0 F7000000 		.4byte	0xf7
 639 01d4 00000000 		.4byte	.LFB38
 640 01d8 1A000000 		.4byte	.LFE38-.LFB38
 641 01dc 01       		.uleb128 0x1
 642 01dd 9C       		.byte	0x9c
 643 01de 1F020000 		.4byte	0x21f
 644 01e2 15       		.uleb128 0x15
 645 01e3 8C000000 		.4byte	.LASF23
 646 01e7 01       		.byte	0x1
 647 01e8 30       		.byte	0x30
 648 01e9 3F010000 		.4byte	0x13f
 649 01ed 00000000 		.4byte	.LLST0
 650 01f1 16       		.uleb128 0x16
 651 01f2 6D696E00 		.ascii	"min\000"
 652 01f6 01       		.byte	0x1
 653 01f7 30       		.byte	0x30
 654 01f8 8C000000 		.4byte	0x8c
 655 01fc 2A000000 		.4byte	.LLST1
ARM GAS  C:\Users\Alec\AppData\Local\Temp\ccuRthPb.s 			page 14


 656 0200 16       		.uleb128 0x16
 657 0201 6D617800 		.ascii	"max\000"
 658 0205 01       		.byte	0x1
 659 0206 30       		.byte	0x30
 660 0207 8C000000 		.4byte	0x8c
 661 020b 55000000 		.4byte	.LLST2
 662 020f 17       		.uleb128 0x17
 663 0210 DA000000 		.4byte	.LASF28
 664 0214 01       		.byte	0x1
 665 0215 31       		.byte	0x31
 666 0216 F7000000 		.4byte	0xf7
 667 021a 80000000 		.4byte	.LLST3
 668 021e 00       		.byte	0
 669 021f 18       		.uleb128 0x18
 670 0220 C9020000 		.4byte	.LASF25
 671 0224 01       		.byte	0x1
 672 0225 39       		.byte	0x39
 673 0226 00000000 		.4byte	.LFB39
 674 022a 50000000 		.4byte	.LFE39-.LFB39
 675 022e 01       		.uleb128 0x1
 676 022f 9C       		.byte	0x9c
 677 0230 69020000 		.4byte	0x269
 678 0234 19       		.uleb128 0x19
 679 0235 9F020000 		.4byte	.LASF26
 680 0239 01       		.byte	0x1
 681 023a 39       		.byte	0x39
 682 023b F7000000 		.4byte	0xf7
 683 023f 02       		.uleb128 0x2
 684 0240 91       		.byte	0x91
 685 0241 58       		.sleb128 -40
 686 0242 15       		.uleb128 0x15
 687 0243 AB000000 		.4byte	.LASF27
 688 0247 01       		.byte	0x1
 689 0248 39       		.byte	0x39
 690 0249 81000000 		.4byte	0x81
 691 024d AC000000 		.4byte	.LLST4
 692 0251 17       		.uleb128 0x17
 693 0252 1D010000 		.4byte	.LASF29
 694 0256 01       		.byte	0x1
 695 0257 3A       		.byte	0x3a
 696 0258 B6000000 		.4byte	0xb6
 697 025c D8000000 		.4byte	.LLST5
 698 0260 1A       		.uleb128 0x1a
 699 0261 46000000 		.4byte	.LVL19
 700 0265 02       		.uleb128 0x2
 701 0266 74       		.byte	0x74
 702 0267 00       		.sleb128 0
 703 0268 00       		.byte	0
 704 0269 1B       		.uleb128 0x1b
 705 026a 5F010000 		.4byte	.LASF30
 706 026e 01       		.byte	0x1
 707 026f 3E       		.byte	0x3e
 708 0270 73000000 		.4byte	0x73
 709 0274 00000000 		.4byte	.LFB40
 710 0278 CC000000 		.4byte	.LFE40-.LFB40
 711 027c 01       		.uleb128 0x1
 712 027d 9C       		.byte	0x9c
ARM GAS  C:\Users\Alec\AppData\Local\Temp\ccuRthPb.s 			page 15


 713 027e B6030000 		.4byte	0x3b6
 714 0282 1C       		.uleb128 0x1c
 715 0283 64010000 		.4byte	.LASF31
 716 0287 01       		.byte	0x1
 717 0288 44       		.byte	0x44
 718 0289 F7000000 		.4byte	0xf7
 719 028d 02       		.uleb128 0x2
 720 028e 91       		.byte	0x91
 721 028f 68       		.sleb128 -24
 722 0290 1C       		.uleb128 0x1c
 723 0291 70010000 		.4byte	.LASF32
 724 0295 01       		.byte	0x1
 725 0296 45       		.byte	0x45
 726 0297 F7000000 		.4byte	0xf7
 727 029b 02       		.uleb128 0x2
 728 029c 91       		.byte	0x91
 729 029d 58       		.sleb128 -40
 730 029e 1D       		.uleb128 0x1d
 731 029f 08000000 		.4byte	.LVL20
 732 02a3 2D040000 		.4byte	0x42d
 733 02a7 11       		.uleb128 0x11
 734 02a8 0E000000 		.4byte	.LVL21
 735 02ac 34040000 		.4byte	0x434
 736 02b0 BE020000 		.4byte	0x2be
 737 02b4 12       		.uleb128 0x12
 738 02b5 01       		.uleb128 0x1
 739 02b6 50       		.byte	0x50
 740 02b7 05       		.uleb128 0x5
 741 02b8 03       		.byte	0x3
 742 02b9 00000000 		.4byte	TIMER_ISR
 743 02bd 00       		.byte	0
 744 02be 1D       		.uleb128 0x1d
 745 02bf 14000000 		.4byte	.LVL22
 746 02c3 45040000 		.4byte	0x445
 747 02c7 11       		.uleb128 0x11
 748 02c8 22000000 		.4byte	.LVL23
 749 02cc C9010000 		.4byte	0x1c9
 750 02d0 E9020000 		.4byte	0x2e9
 751 02d4 12       		.uleb128 0x12
 752 02d5 01       		.uleb128 0x1
 753 02d6 53       		.byte	0x53
 754 02d7 03       		.uleb128 0x3
 755 02d8 0A       		.byte	0xa
 756 02d9 5E1A     		.2byte	0x1a5e
 757 02db 12       		.uleb128 0x12
 758 02dc 01       		.uleb128 0x1
 759 02dd 52       		.byte	0x52
 760 02de 03       		.uleb128 0x3
 761 02df 0A       		.byte	0xa
 762 02e0 7805     		.2byte	0x578
 763 02e2 12       		.uleb128 0x12
 764 02e3 01       		.uleb128 0x1
 765 02e4 50       		.byte	0x50
 766 02e5 02       		.uleb128 0x2
 767 02e6 91       		.byte	0x91
 768 02e7 68       		.sleb128 -24
 769 02e8 00       		.byte	0
ARM GAS  C:\Users\Alec\AppData\Local\Temp\ccuRthPb.s 			page 16


 770 02e9 11       		.uleb128 0x11
 771 02ea 2E000000 		.4byte	.LVL24
 772 02ee C9010000 		.4byte	0x1c9
 773 02f2 0B030000 		.4byte	0x30b
 774 02f6 12       		.uleb128 0x12
 775 02f7 01       		.uleb128 0x1
 776 02f8 53       		.byte	0x53
 777 02f9 03       		.uleb128 0x3
 778 02fa 0A       		.byte	0xa
 779 02fb 7206     		.2byte	0x672
 780 02fd 12       		.uleb128 0x12
 781 02fe 01       		.uleb128 0x1
 782 02ff 52       		.byte	0x52
 783 0300 03       		.uleb128 0x3
 784 0301 0A       		.byte	0xa
 785 0302 F41A     		.2byte	0x1af4
 786 0304 12       		.uleb128 0x12
 787 0305 01       		.uleb128 0x1
 788 0306 50       		.byte	0x50
 789 0307 02       		.uleb128 0x2
 790 0308 91       		.byte	0x91
 791 0309 58       		.sleb128 -40
 792 030a 00       		.byte	0
 793 030b 11       		.uleb128 0x11
 794 030c 34000000 		.4byte	.LVL25
 795 0310 FA030000 		.4byte	0x3fa
 796 0314 1E030000 		.4byte	0x31e
 797 0318 12       		.uleb128 0x12
 798 0319 01       		.uleb128 0x1
 799 031a 50       		.byte	0x50
 800 031b 01       		.uleb128 0x1
 801 031c 31       		.byte	0x31
 802 031d 00       		.byte	0
 803 031e 11       		.uleb128 0x11
 804 031f 3A000000 		.4byte	.LVL26
 805 0323 0B040000 		.4byte	0x40b
 806 0327 31030000 		.4byte	0x331
 807 032b 12       		.uleb128 0x12
 808 032c 01       		.uleb128 0x1
 809 032d 50       		.byte	0x50
 810 032e 01       		.uleb128 0x1
 811 032f 31       		.byte	0x31
 812 0330 00       		.byte	0
 813 0331 11       		.uleb128 0x11
 814 0332 40000000 		.4byte	.LVL27
 815 0336 1C040000 		.4byte	0x41c
 816 033a 44030000 		.4byte	0x344
 817 033e 12       		.uleb128 0x12
 818 033f 01       		.uleb128 0x1
 819 0340 50       		.byte	0x50
 820 0341 01       		.uleb128 0x1
 821 0342 31       		.byte	0x31
 822 0343 00       		.byte	0
 823 0344 11       		.uleb128 0x11
 824 0345 54000000 		.4byte	.LVL28
 825 0349 4C040000 		.4byte	0x44c
 826 034d 57030000 		.4byte	0x357
ARM GAS  C:\Users\Alec\AppData\Local\Temp\ccuRthPb.s 			page 17


 827 0351 12       		.uleb128 0x12
 828 0352 01       		.uleb128 0x1
 829 0353 50       		.byte	0x50
 830 0354 01       		.uleb128 0x1
 831 0355 30       		.byte	0x30
 832 0356 00       		.byte	0
 833 0357 11       		.uleb128 0x11
 834 0358 5A000000 		.4byte	.LVL29
 835 035c 5D040000 		.4byte	0x45d
 836 0360 6A030000 		.4byte	0x36a
 837 0364 12       		.uleb128 0x12
 838 0365 01       		.uleb128 0x1
 839 0366 50       		.byte	0x50
 840 0367 01       		.uleb128 0x1
 841 0368 31       		.byte	0x31
 842 0369 00       		.byte	0
 843 036a 11       		.uleb128 0x11
 844 036b 60000000 		.4byte	.LVL30
 845 036f 6E040000 		.4byte	0x46e
 846 0373 7D030000 		.4byte	0x37d
 847 0377 12       		.uleb128 0x12
 848 0378 01       		.uleb128 0x1
 849 0379 50       		.byte	0x50
 850 037a 01       		.uleb128 0x1
 851 037b 3A       		.byte	0x3a
 852 037c 00       		.byte	0
 853 037d 1D       		.uleb128 0x1d
 854 037e 78000000 		.4byte	.LVL31
 855 0382 1F020000 		.4byte	0x21f
 856 0386 1D       		.uleb128 0x1d
 857 0387 88000000 		.4byte	.LVL32
 858 038b 1F020000 		.4byte	0x21f
 859 038f 11       		.uleb128 0x11
 860 0390 9A000000 		.4byte	.LVL33
 861 0394 1F020000 		.4byte	0x21f
 862 0398 A4030000 		.4byte	0x3a4
 863 039c 12       		.uleb128 0x12
 864 039d 02       		.uleb128 0x2
 865 039e 7D       		.byte	0x7d
 866 039f 00       		.sleb128 0
 867 03a0 02       		.uleb128 0x2
 868 03a1 74       		.byte	0x74
 869 03a2 00       		.sleb128 0
 870 03a3 00       		.byte	0
 871 03a4 13       		.uleb128 0x13
 872 03a5 A8000000 		.4byte	.LVL34
 873 03a9 1F020000 		.4byte	0x21f
 874 03ad 12       		.uleb128 0x12
 875 03ae 02       		.uleb128 0x2
 876 03af 7D       		.byte	0x7d
 877 03b0 00       		.sleb128 0
 878 03b1 02       		.uleb128 0x2
 879 03b2 74       		.byte	0x74
 880 03b3 00       		.sleb128 0
 881 03b4 00       		.byte	0
 882 03b5 00       		.byte	0
 883 03b6 1E       		.uleb128 0x1e
ARM GAS  C:\Users\Alec\AppData\Local\Temp\ccuRthPb.s 			page 18


 884 03b7 52000000 		.4byte	.LASF33
 885 03bb 01       		.byte	0x1
 886 03bc 0A       		.byte	0xa
 887 03bd 73000000 		.4byte	0x73
 888 03c1 05       		.uleb128 0x5
 889 03c2 03       		.byte	0x3
 890 03c3 00000000 		.4byte	count
 891 03c7 1E       		.uleb128 0x1e
 892 03c8 CB010000 		.4byte	.LASF34
 893 03cc 01       		.byte	0x1
 894 03cd 0B       		.byte	0xb
 895 03ce 73000000 		.4byte	0x73
 896 03d2 05       		.uleb128 0x5
 897 03d3 03       		.byte	0x3
 898 03d4 00000000 		.4byte	battery_state
 899 03d8 1E       		.uleb128 0x1e
 900 03d9 2D000000 		.4byte	.LASF35
 901 03dd 01       		.byte	0x1
 902 03de 0C       		.byte	0xc
 903 03df 73000000 		.4byte	0x73
 904 03e3 05       		.uleb128 0x5
 905 03e4 03       		.byte	0x3
 906 03e5 00000000 		.4byte	system_state
 907 03e9 1E       		.uleb128 0x1e
 908 03ea D3020000 		.4byte	.LASF36
 909 03ee 01       		.byte	0x1
 910 03ef 0D       		.byte	0xd
 911 03f0 73000000 		.4byte	0x73
 912 03f4 05       		.uleb128 0x5
 913 03f5 03       		.byte	0x3
 914 03f6 00000000 		.4byte	dumb_placeholder
 915 03fa 1F       		.uleb128 0x1f
 916 03fb B1020000 		.4byte	.LASF37
 917 03ff 05       		.byte	0x5
 918 0400 33       		.byte	0x33
 919 0401 0B040000 		.4byte	0x40b
 920 0405 0F       		.uleb128 0xf
 921 0406 97000000 		.4byte	0x97
 922 040a 00       		.byte	0
 923 040b 1F       		.uleb128 0x1f
 924 040c 0D000000 		.4byte	.LASF38
 925 0410 06       		.byte	0x6
 926 0411 33       		.byte	0x33
 927 0412 1C040000 		.4byte	0x41c
 928 0416 0F       		.uleb128 0xf
 929 0417 97000000 		.4byte	0x97
 930 041b 00       		.byte	0
 931 041c 1F       		.uleb128 0x1f
 932 041d BD020000 		.4byte	.LASF39
 933 0421 07       		.byte	0x7
 934 0422 33       		.byte	0x33
 935 0423 2D040000 		.4byte	0x42d
 936 0427 0F       		.uleb128 0xf
 937 0428 97000000 		.4byte	0x97
 938 042c 00       		.byte	0
 939 042d 20       		.uleb128 0x20
 940 042e 8F020000 		.4byte	.LASF41
ARM GAS  C:\Users\Alec\AppData\Local\Temp\ccuRthPb.s 			page 19


 941 0432 09       		.byte	0x9
 942 0433 5A       		.byte	0x5a
 943 0434 1F       		.uleb128 0x1f
 944 0435 3A000000 		.4byte	.LASF40
 945 0439 08       		.byte	0x8
 946 043a 18       		.byte	0x18
 947 043b 45040000 		.4byte	0x445
 948 043f 0F       		.uleb128 0xf
 949 0440 C4000000 		.4byte	0xc4
 950 0444 00       		.byte	0
 951 0445 20       		.uleb128 0x20
 952 0446 00000000 		.4byte	.LASF42
 953 044a 0A       		.byte	0xa
 954 044b DB       		.byte	0xdb
 955 044c 1F       		.uleb128 0x1f
 956 044d B1000000 		.4byte	.LASF43
 957 0451 0B       		.byte	0xb
 958 0452 33       		.byte	0x33
 959 0453 5D040000 		.4byte	0x45d
 960 0457 0F       		.uleb128 0xf
 961 0458 97000000 		.4byte	0x97
 962 045c 00       		.byte	0
 963 045d 1F       		.uleb128 0x1f
 964 045e 94000000 		.4byte	.LASF44
 965 0462 0C       		.byte	0xc
 966 0463 33       		.byte	0x33
 967 0464 6E040000 		.4byte	0x46e
 968 0468 0F       		.uleb128 0xf
 969 0469 97000000 		.4byte	0x97
 970 046d 00       		.byte	0
 971 046e 21       		.uleb128 0x21
 972 046f E4020000 		.4byte	.LASF51
 973 0473 0D       		.byte	0xd
 974 0474 D7       		.byte	0xd7
 975 0475 0F       		.uleb128 0xf
 976 0476 A3000000 		.4byte	0xa3
 977 047a 00       		.byte	0
 978 047b 00       		.byte	0
 979              		.section	.debug_abbrev,"",%progbits
 980              	.Ldebug_abbrev0:
 981 0000 01       		.uleb128 0x1
 982 0001 11       		.uleb128 0x11
 983 0002 01       		.byte	0x1
 984 0003 25       		.uleb128 0x25
 985 0004 0E       		.uleb128 0xe
 986 0005 13       		.uleb128 0x13
 987 0006 0B       		.uleb128 0xb
 988 0007 03       		.uleb128 0x3
 989 0008 0E       		.uleb128 0xe
 990 0009 1B       		.uleb128 0x1b
 991 000a 0E       		.uleb128 0xe
 992 000b 55       		.uleb128 0x55
 993 000c 17       		.uleb128 0x17
 994 000d 11       		.uleb128 0x11
 995 000e 01       		.uleb128 0x1
 996 000f 10       		.uleb128 0x10
 997 0010 17       		.uleb128 0x17
ARM GAS  C:\Users\Alec\AppData\Local\Temp\ccuRthPb.s 			page 20


 998 0011 00       		.byte	0
 999 0012 00       		.byte	0
 1000 0013 02       		.uleb128 0x2
 1001 0014 24       		.uleb128 0x24
 1002 0015 00       		.byte	0
 1003 0016 0B       		.uleb128 0xb
 1004 0017 0B       		.uleb128 0xb
 1005 0018 3E       		.uleb128 0x3e
 1006 0019 0B       		.uleb128 0xb
 1007 001a 03       		.uleb128 0x3
 1008 001b 0E       		.uleb128 0xe
 1009 001c 00       		.byte	0
 1010 001d 00       		.byte	0
 1011 001e 03       		.uleb128 0x3
 1012 001f 16       		.uleb128 0x16
 1013 0020 00       		.byte	0
 1014 0021 03       		.uleb128 0x3
 1015 0022 0E       		.uleb128 0xe
 1016 0023 3A       		.uleb128 0x3a
 1017 0024 0B       		.uleb128 0xb
 1018 0025 3B       		.uleb128 0x3b
 1019 0026 0B       		.uleb128 0xb
 1020 0027 49       		.uleb128 0x49
 1021 0028 13       		.uleb128 0x13
 1022 0029 00       		.byte	0
 1023 002a 00       		.byte	0
 1024 002b 04       		.uleb128 0x4
 1025 002c 24       		.uleb128 0x24
 1026 002d 00       		.byte	0
 1027 002e 0B       		.uleb128 0xb
 1028 002f 0B       		.uleb128 0xb
 1029 0030 3E       		.uleb128 0x3e
 1030 0031 0B       		.uleb128 0xb
 1031 0032 03       		.uleb128 0x3
 1032 0033 08       		.uleb128 0x8
 1033 0034 00       		.byte	0
 1034 0035 00       		.byte	0
 1035 0036 05       		.uleb128 0x5
 1036 0037 16       		.uleb128 0x16
 1037 0038 00       		.byte	0
 1038 0039 03       		.uleb128 0x3
 1039 003a 0E       		.uleb128 0xe
 1040 003b 3A       		.uleb128 0x3a
 1041 003c 0B       		.uleb128 0xb
 1042 003d 3B       		.uleb128 0x3b
 1043 003e 05       		.uleb128 0x5
 1044 003f 49       		.uleb128 0x49
 1045 0040 13       		.uleb128 0x13
 1046 0041 00       		.byte	0
 1047 0042 00       		.byte	0
 1048 0043 06       		.uleb128 0x6
 1049 0044 0F       		.uleb128 0xf
 1050 0045 00       		.byte	0
 1051 0046 0B       		.uleb128 0xb
 1052 0047 0B       		.uleb128 0xb
 1053 0048 49       		.uleb128 0x49
 1054 0049 13       		.uleb128 0x13
ARM GAS  C:\Users\Alec\AppData\Local\Temp\ccuRthPb.s 			page 21


 1055 004a 00       		.byte	0
 1056 004b 00       		.byte	0
 1057 004c 07       		.uleb128 0x7
 1058 004d 15       		.uleb128 0x15
 1059 004e 00       		.byte	0
 1060 004f 27       		.uleb128 0x27
 1061 0050 19       		.uleb128 0x19
 1062 0051 00       		.byte	0
 1063 0052 00       		.byte	0
 1064 0053 08       		.uleb128 0x8
 1065 0054 04       		.uleb128 0x4
 1066 0055 01       		.byte	0x1
 1067 0056 03       		.uleb128 0x3
 1068 0057 0E       		.uleb128 0xe
 1069 0058 0B       		.uleb128 0xb
 1070 0059 0B       		.uleb128 0xb
 1071 005a 3A       		.uleb128 0x3a
 1072 005b 0B       		.uleb128 0xb
 1073 005c 3B       		.uleb128 0x3b
 1074 005d 0B       		.uleb128 0xb
 1075 005e 01       		.uleb128 0x1
 1076 005f 13       		.uleb128 0x13
 1077 0060 00       		.byte	0
 1078 0061 00       		.byte	0
 1079 0062 09       		.uleb128 0x9
 1080 0063 28       		.uleb128 0x28
 1081 0064 00       		.byte	0
 1082 0065 03       		.uleb128 0x3
 1083 0066 0E       		.uleb128 0xe
 1084 0067 1C       		.uleb128 0x1c
 1085 0068 0D       		.uleb128 0xd
 1086 0069 00       		.byte	0
 1087 006a 00       		.byte	0
 1088 006b 0A       		.uleb128 0xa
 1089 006c 28       		.uleb128 0x28
 1090 006d 00       		.byte	0
 1091 006e 03       		.uleb128 0x3
 1092 006f 08       		.uleb128 0x8
 1093 0070 1C       		.uleb128 0x1c
 1094 0071 0D       		.uleb128 0xd
 1095 0072 00       		.byte	0
 1096 0073 00       		.byte	0
 1097 0074 0B       		.uleb128 0xb
 1098 0075 13       		.uleb128 0x13
 1099 0076 01       		.byte	0x1
 1100 0077 03       		.uleb128 0x3
 1101 0078 0E       		.uleb128 0xe
 1102 0079 0B       		.uleb128 0xb
 1103 007a 0B       		.uleb128 0xb
 1104 007b 3A       		.uleb128 0x3a
 1105 007c 0B       		.uleb128 0xb
 1106 007d 3B       		.uleb128 0x3b
 1107 007e 0B       		.uleb128 0xb
 1108 007f 01       		.uleb128 0x1
 1109 0080 13       		.uleb128 0x13
 1110 0081 00       		.byte	0
 1111 0082 00       		.byte	0
ARM GAS  C:\Users\Alec\AppData\Local\Temp\ccuRthPb.s 			page 22


 1112 0083 0C       		.uleb128 0xc
 1113 0084 0D       		.uleb128 0xd
 1114 0085 00       		.byte	0
 1115 0086 03       		.uleb128 0x3
 1116 0087 0E       		.uleb128 0xe
 1117 0088 3A       		.uleb128 0x3a
 1118 0089 0B       		.uleb128 0xb
 1119 008a 3B       		.uleb128 0x3b
 1120 008b 0B       		.uleb128 0xb
 1121 008c 49       		.uleb128 0x49
 1122 008d 13       		.uleb128 0x13
 1123 008e 38       		.uleb128 0x38
 1124 008f 0B       		.uleb128 0xb
 1125 0090 00       		.byte	0
 1126 0091 00       		.byte	0
 1127 0092 0D       		.uleb128 0xd
 1128 0093 0D       		.uleb128 0xd
 1129 0094 00       		.byte	0
 1130 0095 03       		.uleb128 0x3
 1131 0096 08       		.uleb128 0x8
 1132 0097 3A       		.uleb128 0x3a
 1133 0098 0B       		.uleb128 0xb
 1134 0099 3B       		.uleb128 0x3b
 1135 009a 0B       		.uleb128 0xb
 1136 009b 49       		.uleb128 0x49
 1137 009c 13       		.uleb128 0x13
 1138 009d 38       		.uleb128 0x38
 1139 009e 0B       		.uleb128 0xb
 1140 009f 00       		.byte	0
 1141 00a0 00       		.byte	0
 1142 00a1 0E       		.uleb128 0xe
 1143 00a2 15       		.uleb128 0x15
 1144 00a3 01       		.byte	0x1
 1145 00a4 27       		.uleb128 0x27
 1146 00a5 19       		.uleb128 0x19
 1147 00a6 01       		.uleb128 0x1
 1148 00a7 13       		.uleb128 0x13
 1149 00a8 00       		.byte	0
 1150 00a9 00       		.byte	0
 1151 00aa 0F       		.uleb128 0xf
 1152 00ab 05       		.uleb128 0x5
 1153 00ac 00       		.byte	0
 1154 00ad 49       		.uleb128 0x49
 1155 00ae 13       		.uleb128 0x13
 1156 00af 00       		.byte	0
 1157 00b0 00       		.byte	0
 1158 00b1 10       		.uleb128 0x10
 1159 00b2 2E       		.uleb128 0x2e
 1160 00b3 01       		.byte	0x1
 1161 00b4 3F       		.uleb128 0x3f
 1162 00b5 19       		.uleb128 0x19
 1163 00b6 03       		.uleb128 0x3
 1164 00b7 0E       		.uleb128 0xe
 1165 00b8 3A       		.uleb128 0x3a
 1166 00b9 0B       		.uleb128 0xb
 1167 00ba 3B       		.uleb128 0x3b
 1168 00bb 0B       		.uleb128 0xb
ARM GAS  C:\Users\Alec\AppData\Local\Temp\ccuRthPb.s 			page 23


 1169 00bc 27       		.uleb128 0x27
 1170 00bd 19       		.uleb128 0x19
 1171 00be 11       		.uleb128 0x11
 1172 00bf 01       		.uleb128 0x1
 1173 00c0 12       		.uleb128 0x12
 1174 00c1 06       		.uleb128 0x6
 1175 00c2 40       		.uleb128 0x40
 1176 00c3 18       		.uleb128 0x18
 1177 00c4 9742     		.uleb128 0x2117
 1178 00c6 19       		.uleb128 0x19
 1179 00c7 01       		.uleb128 0x1
 1180 00c8 13       		.uleb128 0x13
 1181 00c9 00       		.byte	0
 1182 00ca 00       		.byte	0
 1183 00cb 11       		.uleb128 0x11
 1184 00cc 898201   		.uleb128 0x4109
 1185 00cf 01       		.byte	0x1
 1186 00d0 11       		.uleb128 0x11
 1187 00d1 01       		.uleb128 0x1
 1188 00d2 31       		.uleb128 0x31
 1189 00d3 13       		.uleb128 0x13
 1190 00d4 01       		.uleb128 0x1
 1191 00d5 13       		.uleb128 0x13
 1192 00d6 00       		.byte	0
 1193 00d7 00       		.byte	0
 1194 00d8 12       		.uleb128 0x12
 1195 00d9 8A8201   		.uleb128 0x410a
 1196 00dc 00       		.byte	0
 1197 00dd 02       		.uleb128 0x2
 1198 00de 18       		.uleb128 0x18
 1199 00df 9142     		.uleb128 0x2111
 1200 00e1 18       		.uleb128 0x18
 1201 00e2 00       		.byte	0
 1202 00e3 00       		.byte	0
 1203 00e4 13       		.uleb128 0x13
 1204 00e5 898201   		.uleb128 0x4109
 1205 00e8 01       		.byte	0x1
 1206 00e9 11       		.uleb128 0x11
 1207 00ea 01       		.uleb128 0x1
 1208 00eb 31       		.uleb128 0x31
 1209 00ec 13       		.uleb128 0x13
 1210 00ed 00       		.byte	0
 1211 00ee 00       		.byte	0
 1212 00ef 14       		.uleb128 0x14
 1213 00f0 2E       		.uleb128 0x2e
 1214 00f1 01       		.byte	0x1
 1215 00f2 3F       		.uleb128 0x3f
 1216 00f3 19       		.uleb128 0x19
 1217 00f4 03       		.uleb128 0x3
 1218 00f5 0E       		.uleb128 0xe
 1219 00f6 3A       		.uleb128 0x3a
 1220 00f7 0B       		.uleb128 0xb
 1221 00f8 3B       		.uleb128 0x3b
 1222 00f9 0B       		.uleb128 0xb
 1223 00fa 27       		.uleb128 0x27
 1224 00fb 19       		.uleb128 0x19
 1225 00fc 49       		.uleb128 0x49
ARM GAS  C:\Users\Alec\AppData\Local\Temp\ccuRthPb.s 			page 24


 1226 00fd 13       		.uleb128 0x13
 1227 00fe 11       		.uleb128 0x11
 1228 00ff 01       		.uleb128 0x1
 1229 0100 12       		.uleb128 0x12
 1230 0101 06       		.uleb128 0x6
 1231 0102 40       		.uleb128 0x40
 1232 0103 18       		.uleb128 0x18
 1233 0104 9642     		.uleb128 0x2116
 1234 0106 19       		.uleb128 0x19
 1235 0107 01       		.uleb128 0x1
 1236 0108 13       		.uleb128 0x13
 1237 0109 00       		.byte	0
 1238 010a 00       		.byte	0
 1239 010b 15       		.uleb128 0x15
 1240 010c 05       		.uleb128 0x5
 1241 010d 00       		.byte	0
 1242 010e 03       		.uleb128 0x3
 1243 010f 0E       		.uleb128 0xe
 1244 0110 3A       		.uleb128 0x3a
 1245 0111 0B       		.uleb128 0xb
 1246 0112 3B       		.uleb128 0x3b
 1247 0113 0B       		.uleb128 0xb
 1248 0114 49       		.uleb128 0x49
 1249 0115 13       		.uleb128 0x13
 1250 0116 02       		.uleb128 0x2
 1251 0117 17       		.uleb128 0x17
 1252 0118 00       		.byte	0
 1253 0119 00       		.byte	0
 1254 011a 16       		.uleb128 0x16
 1255 011b 05       		.uleb128 0x5
 1256 011c 00       		.byte	0
 1257 011d 03       		.uleb128 0x3
 1258 011e 08       		.uleb128 0x8
 1259 011f 3A       		.uleb128 0x3a
 1260 0120 0B       		.uleb128 0xb
 1261 0121 3B       		.uleb128 0x3b
 1262 0122 0B       		.uleb128 0xb
 1263 0123 49       		.uleb128 0x49
 1264 0124 13       		.uleb128 0x13
 1265 0125 02       		.uleb128 0x2
 1266 0126 17       		.uleb128 0x17
 1267 0127 00       		.byte	0
 1268 0128 00       		.byte	0
 1269 0129 17       		.uleb128 0x17
 1270 012a 34       		.uleb128 0x34
 1271 012b 00       		.byte	0
 1272 012c 03       		.uleb128 0x3
 1273 012d 0E       		.uleb128 0xe
 1274 012e 3A       		.uleb128 0x3a
 1275 012f 0B       		.uleb128 0xb
 1276 0130 3B       		.uleb128 0x3b
 1277 0131 0B       		.uleb128 0xb
 1278 0132 49       		.uleb128 0x49
 1279 0133 13       		.uleb128 0x13
 1280 0134 02       		.uleb128 0x2
 1281 0135 17       		.uleb128 0x17
 1282 0136 00       		.byte	0
ARM GAS  C:\Users\Alec\AppData\Local\Temp\ccuRthPb.s 			page 25


 1283 0137 00       		.byte	0
 1284 0138 18       		.uleb128 0x18
 1285 0139 2E       		.uleb128 0x2e
 1286 013a 01       		.byte	0x1
 1287 013b 3F       		.uleb128 0x3f
 1288 013c 19       		.uleb128 0x19
 1289 013d 03       		.uleb128 0x3
 1290 013e 0E       		.uleb128 0xe
 1291 013f 3A       		.uleb128 0x3a
 1292 0140 0B       		.uleb128 0xb
 1293 0141 3B       		.uleb128 0x3b
 1294 0142 0B       		.uleb128 0xb
 1295 0143 27       		.uleb128 0x27
 1296 0144 19       		.uleb128 0x19
 1297 0145 11       		.uleb128 0x11
 1298 0146 01       		.uleb128 0x1
 1299 0147 12       		.uleb128 0x12
 1300 0148 06       		.uleb128 0x6
 1301 0149 40       		.uleb128 0x40
 1302 014a 18       		.uleb128 0x18
 1303 014b 9642     		.uleb128 0x2116
 1304 014d 19       		.uleb128 0x19
 1305 014e 01       		.uleb128 0x1
 1306 014f 13       		.uleb128 0x13
 1307 0150 00       		.byte	0
 1308 0151 00       		.byte	0
 1309 0152 19       		.uleb128 0x19
 1310 0153 05       		.uleb128 0x5
 1311 0154 00       		.byte	0
 1312 0155 03       		.uleb128 0x3
 1313 0156 0E       		.uleb128 0xe
 1314 0157 3A       		.uleb128 0x3a
 1315 0158 0B       		.uleb128 0xb
 1316 0159 3B       		.uleb128 0x3b
 1317 015a 0B       		.uleb128 0xb
 1318 015b 49       		.uleb128 0x49
 1319 015c 13       		.uleb128 0x13
 1320 015d 02       		.uleb128 0x2
 1321 015e 18       		.uleb128 0x18
 1322 015f 00       		.byte	0
 1323 0160 00       		.byte	0
 1324 0161 1A       		.uleb128 0x1a
 1325 0162 898201   		.uleb128 0x4109
 1326 0165 00       		.byte	0
 1327 0166 11       		.uleb128 0x11
 1328 0167 01       		.uleb128 0x1
 1329 0168 9342     		.uleb128 0x2113
 1330 016a 18       		.uleb128 0x18
 1331 016b 00       		.byte	0
 1332 016c 00       		.byte	0
 1333 016d 1B       		.uleb128 0x1b
 1334 016e 2E       		.uleb128 0x2e
 1335 016f 01       		.byte	0x1
 1336 0170 3F       		.uleb128 0x3f
 1337 0171 19       		.uleb128 0x19
 1338 0172 03       		.uleb128 0x3
 1339 0173 0E       		.uleb128 0xe
ARM GAS  C:\Users\Alec\AppData\Local\Temp\ccuRthPb.s 			page 26


 1340 0174 3A       		.uleb128 0x3a
 1341 0175 0B       		.uleb128 0xb
 1342 0176 3B       		.uleb128 0x3b
 1343 0177 0B       		.uleb128 0xb
 1344 0178 49       		.uleb128 0x49
 1345 0179 13       		.uleb128 0x13
 1346 017a 11       		.uleb128 0x11
 1347 017b 01       		.uleb128 0x1
 1348 017c 12       		.uleb128 0x12
 1349 017d 06       		.uleb128 0x6
 1350 017e 40       		.uleb128 0x40
 1351 017f 18       		.uleb128 0x18
 1352 0180 9742     		.uleb128 0x2117
 1353 0182 19       		.uleb128 0x19
 1354 0183 01       		.uleb128 0x1
 1355 0184 13       		.uleb128 0x13
 1356 0185 00       		.byte	0
 1357 0186 00       		.byte	0
 1358 0187 1C       		.uleb128 0x1c
 1359 0188 34       		.uleb128 0x34
 1360 0189 00       		.byte	0
 1361 018a 03       		.uleb128 0x3
 1362 018b 0E       		.uleb128 0xe
 1363 018c 3A       		.uleb128 0x3a
 1364 018d 0B       		.uleb128 0xb
 1365 018e 3B       		.uleb128 0x3b
 1366 018f 0B       		.uleb128 0xb
 1367 0190 49       		.uleb128 0x49
 1368 0191 13       		.uleb128 0x13
 1369 0192 02       		.uleb128 0x2
 1370 0193 18       		.uleb128 0x18
 1371 0194 00       		.byte	0
 1372 0195 00       		.byte	0
 1373 0196 1D       		.uleb128 0x1d
 1374 0197 898201   		.uleb128 0x4109
 1375 019a 00       		.byte	0
 1376 019b 11       		.uleb128 0x11
 1377 019c 01       		.uleb128 0x1
 1378 019d 31       		.uleb128 0x31
 1379 019e 13       		.uleb128 0x13
 1380 019f 00       		.byte	0
 1381 01a0 00       		.byte	0
 1382 01a1 1E       		.uleb128 0x1e
 1383 01a2 34       		.uleb128 0x34
 1384 01a3 00       		.byte	0
 1385 01a4 03       		.uleb128 0x3
 1386 01a5 0E       		.uleb128 0xe
 1387 01a6 3A       		.uleb128 0x3a
 1388 01a7 0B       		.uleb128 0xb
 1389 01a8 3B       		.uleb128 0x3b
 1390 01a9 0B       		.uleb128 0xb
 1391 01aa 49       		.uleb128 0x49
 1392 01ab 13       		.uleb128 0x13
 1393 01ac 3F       		.uleb128 0x3f
 1394 01ad 19       		.uleb128 0x19
 1395 01ae 02       		.uleb128 0x2
 1396 01af 18       		.uleb128 0x18
ARM GAS  C:\Users\Alec\AppData\Local\Temp\ccuRthPb.s 			page 27


 1397 01b0 00       		.byte	0
 1398 01b1 00       		.byte	0
 1399 01b2 1F       		.uleb128 0x1f
 1400 01b3 2E       		.uleb128 0x2e
 1401 01b4 01       		.byte	0x1
 1402 01b5 3F       		.uleb128 0x3f
 1403 01b6 19       		.uleb128 0x19
 1404 01b7 03       		.uleb128 0x3
 1405 01b8 0E       		.uleb128 0xe
 1406 01b9 3A       		.uleb128 0x3a
 1407 01ba 0B       		.uleb128 0xb
 1408 01bb 3B       		.uleb128 0x3b
 1409 01bc 0B       		.uleb128 0xb
 1410 01bd 27       		.uleb128 0x27
 1411 01be 19       		.uleb128 0x19
 1412 01bf 3C       		.uleb128 0x3c
 1413 01c0 19       		.uleb128 0x19
 1414 01c1 01       		.uleb128 0x1
 1415 01c2 13       		.uleb128 0x13
 1416 01c3 00       		.byte	0
 1417 01c4 00       		.byte	0
 1418 01c5 20       		.uleb128 0x20
 1419 01c6 2E       		.uleb128 0x2e
 1420 01c7 00       		.byte	0
 1421 01c8 3F       		.uleb128 0x3f
 1422 01c9 19       		.uleb128 0x19
 1423 01ca 03       		.uleb128 0x3
 1424 01cb 0E       		.uleb128 0xe
 1425 01cc 3A       		.uleb128 0x3a
 1426 01cd 0B       		.uleb128 0xb
 1427 01ce 3B       		.uleb128 0x3b
 1428 01cf 0B       		.uleb128 0xb
 1429 01d0 27       		.uleb128 0x27
 1430 01d1 19       		.uleb128 0x19
 1431 01d2 3C       		.uleb128 0x3c
 1432 01d3 19       		.uleb128 0x19
 1433 01d4 00       		.byte	0
 1434 01d5 00       		.byte	0
 1435 01d6 21       		.uleb128 0x21
 1436 01d7 2E       		.uleb128 0x2e
 1437 01d8 01       		.byte	0x1
 1438 01d9 3F       		.uleb128 0x3f
 1439 01da 19       		.uleb128 0x19
 1440 01db 03       		.uleb128 0x3
 1441 01dc 0E       		.uleb128 0xe
 1442 01dd 3A       		.uleb128 0x3a
 1443 01de 0B       		.uleb128 0xb
 1444 01df 3B       		.uleb128 0x3b
 1445 01e0 0B       		.uleb128 0xb
 1446 01e1 27       		.uleb128 0x27
 1447 01e2 19       		.uleb128 0x19
 1448 01e3 3C       		.uleb128 0x3c
 1449 01e4 19       		.uleb128 0x19
 1450 01e5 00       		.byte	0
 1451 01e6 00       		.byte	0
 1452 01e7 00       		.byte	0
 1453              		.section	.debug_loc,"",%progbits
ARM GAS  C:\Users\Alec\AppData\Local\Temp\ccuRthPb.s 			page 28


 1454              	.Ldebug_loc0:
 1455              	.LLST0:
 1456 0000 00000000 		.4byte	.LVL6
 1457 0004 0F000000 		.4byte	.LVL8-1
 1458 0008 0100     		.2byte	0x1
 1459 000a 51       		.byte	0x51
 1460 000b 0F000000 		.4byte	.LVL8-1
 1461 000f 18000000 		.4byte	.LVL10
 1462 0013 0100     		.2byte	0x1
 1463 0015 55       		.byte	0x55
 1464 0016 18000000 		.4byte	.LVL10
 1465 001a 1A000000 		.4byte	.LFE38
 1466 001e 0200     		.2byte	0x2
 1467 0020 70       		.byte	0x70
 1468 0021 00       		.sleb128 0
 1469 0022 00000000 		.4byte	0
 1470 0026 00000000 		.4byte	0
 1471              	.LLST1:
 1472 002a 00000000 		.4byte	.LVL6
 1473 002e 0F000000 		.4byte	.LVL8-1
 1474 0032 0100     		.2byte	0x1
 1475 0034 52       		.byte	0x52
 1476 0035 0F000000 		.4byte	.LVL8-1
 1477 0039 18000000 		.4byte	.LVL9
 1478 003d 0200     		.2byte	0x2
 1479 003f 74       		.byte	0x74
 1480 0040 06       		.sleb128 6
 1481 0041 18000000 		.4byte	.LVL9
 1482 0045 1A000000 		.4byte	.LFE38
 1483 0049 0200     		.2byte	0x2
 1484 004b 70       		.byte	0x70
 1485 004c 06       		.sleb128 6
 1486 004d 00000000 		.4byte	0
 1487 0051 00000000 		.4byte	0
 1488              	.LLST2:
 1489 0055 00000000 		.4byte	.LVL6
 1490 0059 0F000000 		.4byte	.LVL8-1
 1491 005d 0100     		.2byte	0x1
 1492 005f 53       		.byte	0x53
 1493 0060 0F000000 		.4byte	.LVL8-1
 1494 0064 18000000 		.4byte	.LVL9
 1495 0068 0200     		.2byte	0x2
 1496 006a 74       		.byte	0x74
 1497 006b 04       		.sleb128 4
 1498 006c 18000000 		.4byte	.LVL9
 1499 0070 1A000000 		.4byte	.LFE38
 1500 0074 0200     		.2byte	0x2
 1501 0076 70       		.byte	0x70
 1502 0077 04       		.sleb128 4
 1503 0078 00000000 		.4byte	0
 1504 007c 00000000 		.4byte	0
 1505              	.LLST3:
 1506 0080 00000000 		.4byte	.LVL6
 1507 0084 0C000000 		.4byte	.LVL7
 1508 0088 0200     		.2byte	0x2
 1509 008a 70       		.byte	0x70
 1510 008b 00       		.sleb128 0
ARM GAS  C:\Users\Alec\AppData\Local\Temp\ccuRthPb.s 			page 29


 1511 008c 0C000000 		.4byte	.LVL7
 1512 0090 18000000 		.4byte	.LVL9
 1513 0094 0200     		.2byte	0x2
 1514 0096 74       		.byte	0x74
 1515 0097 00       		.sleb128 0
 1516 0098 18000000 		.4byte	.LVL9
 1517 009c 1A000000 		.4byte	.LFE38
 1518 00a0 0200     		.2byte	0x2
 1519 00a2 70       		.byte	0x70
 1520 00a3 00       		.sleb128 0
 1521 00a4 00000000 		.4byte	0
 1522 00a8 00000000 		.4byte	0
 1523              	.LLST4:
 1524 00ac 00000000 		.4byte	.LVL11
 1525 00b0 0E000000 		.4byte	.LVL12
 1526 00b4 0200     		.2byte	0x2
 1527 00b6 91       		.byte	0x91
 1528 00b7 00       		.sleb128 0
 1529 00b8 0E000000 		.4byte	.LVL12
 1530 00bc 17000000 		.4byte	.LVL13-1
 1531 00c0 0200     		.2byte	0x2
 1532 00c2 73       		.byte	0x73
 1533 00c3 00       		.sleb128 0
 1534 00c4 17000000 		.4byte	.LVL13-1
 1535 00c8 50000000 		.4byte	.LFE39
 1536 00cc 0200     		.2byte	0x2
 1537 00ce 91       		.byte	0x91
 1538 00cf 00       		.sleb128 0
 1539 00d0 00000000 		.4byte	0
 1540 00d4 00000000 		.4byte	0
 1541              	.LLST5:
 1542 00d8 3E000000 		.4byte	.LVL17
 1543 00dc 41000000 		.4byte	.LVL18-1
 1544 00e0 0600     		.2byte	0x6
 1545 00e2 50       		.byte	0x50
 1546 00e3 93       		.byte	0x93
 1547 00e4 04       		.uleb128 0x4
 1548 00e5 51       		.byte	0x51
 1549 00e6 93       		.byte	0x93
 1550 00e7 04       		.uleb128 0x4
 1551 00e8 00000000 		.4byte	0
 1552 00ec 00000000 		.4byte	0
 1553              		.section	.debug_aranges,"",%progbits
 1554 0000 34000000 		.4byte	0x34
 1555 0004 0200     		.2byte	0x2
 1556 0006 00000000 		.4byte	.Ldebug_info0
 1557 000a 04       		.byte	0x4
 1558 000b 00       		.byte	0
 1559 000c 0000     		.2byte	0
 1560 000e 0000     		.2byte	0
 1561 0010 00000000 		.4byte	.LFB37
 1562 0014 74000000 		.4byte	.LFE37-.LFB37
 1563 0018 00000000 		.4byte	.LFB38
 1564 001c 1A000000 		.4byte	.LFE38-.LFB38
 1565 0020 00000000 		.4byte	.LFB39
 1566 0024 50000000 		.4byte	.LFE39-.LFB39
 1567 0028 00000000 		.4byte	.LFB40
ARM GAS  C:\Users\Alec\AppData\Local\Temp\ccuRthPb.s 			page 30


 1568 002c CC000000 		.4byte	.LFE40-.LFB40
 1569 0030 00000000 		.4byte	0
 1570 0034 00000000 		.4byte	0
 1571              		.section	.debug_ranges,"",%progbits
 1572              	.Ldebug_ranges0:
 1573 0000 00000000 		.4byte	.LFB37
 1574 0004 74000000 		.4byte	.LFE37
 1575 0008 00000000 		.4byte	.LFB38
 1576 000c 1A000000 		.4byte	.LFE38
 1577 0010 00000000 		.4byte	.LFB39
 1578 0014 50000000 		.4byte	.LFE39
 1579 0018 00000000 		.4byte	.LFB40
 1580 001c CC000000 		.4byte	.LFE40
 1581 0020 00000000 		.4byte	0
 1582 0024 00000000 		.4byte	0
 1583              		.section	.debug_line,"",%progbits
 1584              	.Ldebug_line0:
 1585 0000 26020000 		.section	.debug_str,"MS",%progbits,1
 1585      0200B601 
 1585      00000201 
 1585      FB0E0D00 
 1585      01010101 
 1586              	.LASF42:
 1587 0000 50574D5F 		.ascii	"PWM_1_Enable\000"
 1587      315F456E 
 1587      61626C65 
 1587      00
 1588              	.LASF38:
 1589 000d 4C45445F 		.ascii	"LED_2_Write\000"
 1589      325F5772 
 1589      69746500 
 1590              	.LASF3:
 1591 0019 5F5F7569 		.ascii	"__uint8_t\000"
 1591      6E74385F 
 1591      7400
 1592              	.LASF24:
 1593 0023 54494D45 		.ascii	"TIMER_ISR\000"
 1593      525F4953 
 1593      5200
 1594              	.LASF35:
 1595 002d 73797374 		.ascii	"system_state\000"
 1595      656D5F73 
 1595      74617465 
 1595      00
 1596              	.LASF40:
 1597 003a 74696D65 		.ascii	"timer_interrupt_StartEx\000"
 1597      725F696E 
 1597      74657272 
 1597      7570745F 
 1597      53746172 
 1598              	.LASF33:
 1599 0052 636F756E 		.ascii	"count\000"
 1599      7400
 1600              	.LASF5:
 1601 0058 73686F72 		.ascii	"short unsigned int\000"
 1601      7420756E 
 1601      7369676E 
ARM GAS  C:\Users\Alec\AppData\Local\Temp\ccuRthPb.s 			page 31


 1601      65642069 
 1601      6E7400
 1602              	.LASF20:
 1603 006b 41435449 		.ascii	"ACTIVE\000"
 1603      564500
 1604              	.LASF49:
 1605 0072 53657276 		.ascii	"Servo\000"
 1605      6F00
 1606              	.LASF15:
 1607 0078 666C6F61 		.ascii	"float\000"
 1607      7400
 1608              	.LASF1:
 1609 007e 756E7369 		.ascii	"unsigned char\000"
 1609      676E6564 
 1609      20636861 
 1609      7200
 1610              	.LASF23:
 1611 008c 70776D5F 		.ascii	"pwm_ptr\000"
 1611      70747200 
 1612              	.LASF44:
 1613 0094 53657276 		.ascii	"Servo_En_1_Write\000"
 1613      6F5F456E 
 1613      5F315F57 
 1613      72697465 
 1613      00
 1614              	.LASF13:
 1615 00a5 75696E74 		.ascii	"uint8\000"
 1615      3800
 1616              	.LASF27:
 1617 00ab 616E676C 		.ascii	"angle\000"
 1617      6500
 1618              	.LASF43:
 1619 00b1 53657276 		.ascii	"Servo_En_2_Write\000"
 1619      6F5F456E 
 1619      5F325F57 
 1619      72697465 
 1619      00
 1620              	.LASF22:
 1621 00c2 72616E67 		.ascii	"range\000"
 1621      6500
 1622              	.LASF4:
 1623 00c8 5F5F7569 		.ascii	"__uint16_t\000"
 1623      6E743136 
 1623      5F7400
 1624              	.LASF16:
 1625 00d3 646F7562 		.ascii	"double\000"
 1625      6C6500
 1626              	.LASF28:
 1627 00da 63726561 		.ascii	"createdServo\000"
 1627      74656453 
 1627      6572766F 
 1627      00
 1628              	.LASF46:
 1629 00e7 2E5C6D61 		.ascii	".\\main.c\000"
 1629      696E2E63 
 1629      00
 1630              	.LASF14:
ARM GAS  C:\Users\Alec\AppData\Local\Temp\ccuRthPb.s 			page 32


 1631 00f0 75696E74 		.ascii	"uint32\000"
 1631      333200
 1632              	.LASF21:
 1633 00f7 70776D50 		.ascii	"pwmPtr\000"
 1633      747200
 1634              	.LASF7:
 1635 00fe 6C6F6E67 		.ascii	"long unsigned int\000"
 1635      20756E73 
 1635      69676E65 
 1635      6420696E 
 1635      7400
 1636              	.LASF10:
 1637 0110 756E7369 		.ascii	"unsigned int\000"
 1637      676E6564 
 1637      20696E74 
 1637      00
 1638              	.LASF29:
 1639 011d 73657470 		.ascii	"setpoint\000"
 1639      6F696E74 
 1639      00
 1640              	.LASF9:
 1641 0126 6C6F6E67 		.ascii	"long long unsigned int\000"
 1641      206C6F6E 
 1641      6720756E 
 1641      7369676E 
 1641      65642069 
 1642              	.LASF11:
 1643 013d 75696E74 		.ascii	"uint8_t\000"
 1643      385F7400 
 1644              	.LASF50:
 1645 0145 63726561 		.ascii	"create_servo\000"
 1645      74655F73 
 1645      6572766F 
 1645      00
 1646              	.LASF18:
 1647 0152 63796973 		.ascii	"cyisraddress\000"
 1647      72616464 
 1647      72657373 
 1647      00
 1648              	.LASF30:
 1649 015f 6D61696E 		.ascii	"main\000"
 1649      00
 1650              	.LASF31:
 1651 0164 73657276 		.ascii	"servoBottom\000"
 1651      6F426F74 
 1651      746F6D00 
 1652              	.LASF32:
 1653 0170 73657276 		.ascii	"servoTop\000"
 1653      6F546F70 
 1653      00
 1654              	.LASF19:
 1655 0179 73697A65 		.ascii	"sizetype\000"
 1655      74797065 
 1655      00
 1656              	.LASF47:
 1657 0182 433A5C55 		.ascii	"C:\\Users\\Alec\\Documents\\PSoC Creator\\Final\\Re"
 1657      73657273 
ARM GAS  C:\Users\Alec\AppData\Local\Temp\ccuRthPb.s 			page 33


 1657      5C416C65 
 1657      635C446F 
 1657      63756D65 
 1658 01af 616C4669 		.ascii	"alFinal.cydsn\000"
 1658      6E616C2E 
 1658      63796473 
 1658      6E00
 1659              	.LASF8:
 1660 01bd 6C6F6E67 		.ascii	"long long int\000"
 1660      206C6F6E 
 1660      6720696E 
 1660      7400
 1661              	.LASF34:
 1662 01cb 62617474 		.ascii	"battery_state\000"
 1662      6572795F 
 1662      73746174 
 1662      6500
 1663              	.LASF17:
 1664 01d9 63686172 		.ascii	"char\000"
 1664      00
 1665              	.LASF48:
 1666 01de 73746174 		.ascii	"states\000"
 1666      657300
 1667              	.LASF45:
 1668 01e5 474E5520 		.ascii	"GNU C 4.9.3 20150303 (release) [ARM/embedded-4_9-br"
 1668      4320342E 
 1668      392E3320 
 1668      32303135 
 1668      30333033 
 1669 0218 616E6368 		.ascii	"anch revision 221220] -mcpu=cortex-m0 -mthumb -g -O"
 1669      20726576 
 1669      6973696F 
 1669      6E203232 
 1669      31323230 
 1670 024b 67202D66 		.ascii	"g -ffunction-sections -ffat-lto-objects\000"
 1670      66756E63 
 1670      74696F6E 
 1670      2D736563 
 1670      74696F6E 
 1671              	.LASF2:
 1672 0273 73686F72 		.ascii	"short int\000"
 1672      7420696E 
 1672      7400
 1673              	.LASF12:
 1674 027d 75696E74 		.ascii	"uint16_t\000"
 1674      31365F74 
 1674      00
 1675              	.LASF6:
 1676 0286 6C6F6E67 		.ascii	"long int\000"
 1676      20696E74 
 1676      00
 1677              	.LASF41:
 1678 028f 436F756E 		.ascii	"Countdown_Start\000"
 1678      74646F77 
 1678      6E5F5374 
 1678      61727400 
 1679              	.LASF26:
ARM GAS  C:\Users\Alec\AppData\Local\Temp\ccuRthPb.s 			page 34


 1680 029f 73657276 		.ascii	"servo\000"
 1680      6F00
 1681              	.LASF0:
 1682 02a5 7369676E 		.ascii	"signed char\000"
 1682      65642063 
 1682      68617200 
 1683              	.LASF37:
 1684 02b1 4C45445F 		.ascii	"LED_1_Write\000"
 1684      315F5772 
 1684      69746500 
 1685              	.LASF39:
 1686 02bd 4C45445F 		.ascii	"LED_3_Write\000"
 1686      335F5772 
 1686      69746500 
 1687              	.LASF25:
 1688 02c9 7365745F 		.ascii	"set_servo\000"
 1688      73657276 
 1688      6F00
 1689              	.LASF36:
 1690 02d3 64756D62 		.ascii	"dumb_placeholder\000"
 1690      5F706C61 
 1690      6365686F 
 1690      6C646572 
 1690      00
 1691              	.LASF51:
 1692 02e4 43794465 		.ascii	"CyDelay\000"
 1692      6C617900 
 1693              		.ident	"GCC: (GNU Tools for ARM Embedded Processors) 4.9.3 20150303 (release) [ARM/embedded-4_9-br
